Using pre-set license
Built from '2020.3/staging' branch; Version is '2020.3.48f1 (b805b124c6b7) revision 12060081'; Using compiler version '192528614'; Build Type 'Release'
OS: 'Windows 11  (10.0.22621) 64bit Education' Language: 'en' Physical Memory: 32487 MB
BatchMode: 1, IsHumanControllingUs: 0, StartBugReporterOnCrash: 0, Is64bit: 1, IsPro: 0

COMMAND LINE ARGUMENTS:
C:\Program Files\Unity\Hub\Editor\2020.3.48f1\Editor\Unity.exe
-adb2
-batchMode
-noUpm
-name
AssetImportWorker0
-projectPath
C:/Users/Per4Student/Documents/Unity/GitHub/EscapeRoomDonate/EscapeRoomDonatePer4
-logFile
Logs/AssetImportWorker0.log
-srvPort
51248
Successfully changed project path to: C:/Users/Per4Student/Documents/Unity/GitHub/EscapeRoomDonate/EscapeRoomDonatePer4
C:/Users/Per4Student/Documents/Unity/GitHub/EscapeRoomDonate/EscapeRoomDonatePer4
Using Asset Import Pipeline V2.
Player connection [2044] Host "[IP] 10.20.255.26 [Port] 3221443104 [Flags] 2 [Guid] 2164915985 [EditorId] 2164915985 [Version] 1048832 [Id] WindowsEditor(7,20GAME111920) [Debug] 1 [PackageName] WindowsEditor [ProjectName] Editor" joined multi-casting on [225.0.0.222:54997]...

Player connection [2044] Host "[IP] 10.20.255.26 [Port] 3221443104 [Flags] 2 [Guid] 2164915985 [EditorId] 2164915985 [Version] 1048832 [Id] WindowsEditor(7,20GAME111920) [Debug] 1 [PackageName] WindowsEditor [ProjectName] Editor" joined alternative multi-casting on [225.0.0.222:34997]...

Refreshing native plugins compatible for Editor in 84.52 ms, found 11 plugins.
Preloading 1 native plugins for Editor in 2.18 ms.
Initialize engine version: 2020.3.48f1 (b805b124c6b7)
[Subsystems] Discovering subsystems at path C:/Program Files/Unity/Hub/Editor/2020.3.48f1/Editor/Data/Resources/UnitySubsystems
[Subsystems] Discovering subsystems at path C:/Users/Per4Student/Documents/Unity/GitHub/EscapeRoomDonate/EscapeRoomDonatePer4/Assets
GfxDevice: creating device client; threaded=0
Direct3D:
    Version:  Direct3D 11.0 [level 11.1]
    Renderer: NVIDIA GeForce RTX 3080 (ID=0x2216)
    Vendor:   
    VRAM:     10067 MB
    Driver:   31.0.15.3640
Initialize mono
Mono path[0] = 'C:/Program Files/Unity/Hub/Editor/2020.3.48f1/Editor/Data/Managed'
Mono path[1] = 'C:/Program Files/Unity/Hub/Editor/2020.3.48f1/Editor/Data/MonoBleedingEdge/lib/mono/unityjit'
Mono config path = 'C:/Program Files/Unity/Hub/Editor/2020.3.48f1/Editor/Data/MonoBleedingEdge/etc'
Using monoOptions --debugger-agent=transport=dt_socket,embedding=1,server=y,suspend=n,address=127.0.0.1:56196
Begin MonoManager ReloadAssembly
Registering precompiled unity dll's ...
Register platform support module: C:/Program Files/Unity/Hub/Editor/2020.3.48f1/Editor/Data/PlaybackEngines/WindowsStandaloneSupport/UnityEditor.WindowsStandalone.Extensions.dll
Registered in 0.002059 seconds.
Native extension for WindowsStandalone target not found
Refreshing native plugins compatible for Editor in 43.69 ms, found 11 plugins.
Preloading 1 native plugins for Editor in 0.12 ms.
Mono: successfully reloaded assembly
- Completed reload, in  0.407 seconds
Domain Reload Profiling:
	ReloadAssembly (407ms)
		BeginReloadAssembly (82ms)
			ExecutionOrderSort (0ms)
			DisableScriptedObjects (0ms)
			BackupInstance (0ms)
			ReleaseScriptingObjects (0ms)
			CreateAndSetChildDomain (1ms)
		EndReloadAssembly (281ms)
			LoadAssemblies (82ms)
			RebuildTransferFunctionScriptingTraits (0ms)
			SetupTypeCache (82ms)
			ReleaseScriptCaches (0ms)
			RebuildScriptCaches (14ms)
			SetupLoadedEditorAssemblies (120ms)
				LogAssemblyErrors (0ms)
				InitializePlatformSupportModulesInManaged (3ms)
				SetLoadedEditorAssemblies (0ms)
				RefreshPlugins (44ms)
				BeforeProcessingInitializeOnLoad (10ms)
				ProcessInitializeOnLoadAttributes (48ms)
				ProcessInitializeOnLoadMethodAttributes (16ms)
				AfterProcessingInitializeOnLoad (0ms)
				EditorAssembliesLoaded (0ms)
			ExecutionOrderSort2 (0ms)
			AwakeInstancesAfterBackupRestoration (0ms)
Platform modules already initialized, skipping
Registering precompiled user dll's ...
Registered in 0.013414 seconds.
Begin MonoManager ReloadAssembly
Native extension for WindowsStandalone target not found
Refreshing native plugins compatible for Editor in 45.42 ms, found 11 plugins.
Preloading 1 native plugins for Editor in 0.11 ms.
[XR] OculusXRPlugin: registering subsystems
[XR] Unable to register display lifecyle provider: [1]
[XR] Oculus Input lifecycle provider registered.
[XR] Unable to register input lifecyle provider: [1]
System.Reflection.TargetInvocationException: Exception has been thrown by the target of an invocation. ---> System.NullReferenceException: Object reference not set to an instance of an object
  at Unity.XR.Oculus.OculusLoader.AssetPathToAbsolutePath (System.String assetPath) [0x00048] in C:\Users\Per4Student\Documents\Unity\GitHub\EscapeRoomDonate\EscapeRoomDonatePer4\Library\PackageCache\com.unity.xr.oculus@1.13.1\Runtime\OculusLoader.cs:265 
  at Unity.XR.Oculus.OculusLoader.EditorLoadOVRPlugin () [0x0007b] in C:\Users\Per4Student\Documents\Unity\GitHub\EscapeRoomDonate\EscapeRoomDonatePer4\Library\PackageCache\com.unity.xr.oculus@1.13.1\Runtime\OculusLoader.cs:250 
  at (wrapper managed-to-native) System.Reflection.MonoMethod.InternalInvoke(System.Reflection.MonoMethod,object,object[],System.Exception&)
  at System.Reflection.MonoMethod.Invoke (System.Object obj, System.Reflection.BindingFlags invokeAttr, System.Reflection.Binder binder, System.Object[] parameters, System.Globalization.CultureInfo culture) [0x00032] in <695d1cc93cca45069c528c15c9fdd749>:0 
   --- End of inner exception stack trace ---
  at System.Reflection.MonoMethod.Invoke (System.Object obj, System.Reflection.BindingFlags invokeAttr, System.Reflection.Binder binder, System.Object[] parameters, System.Globalization.CultureInfo culture) [0x00048] in <695d1cc93cca45069c528c15c9fdd749>:0 
  at System.Reflection.MethodBase.Invoke (System.Object obj, System.Object[] parameters) [0x00000] in <695d1cc93cca45069c528c15c9fdd749>:0 
  at UnityEditor.EditorAssemblies.ProcessInitializeOnLoadMethodAttributes () [0x00047] in <25578071f6e44201aac745680e5c8dfc>:0 
UnityEngine.StackTraceUtility:ExtractStackTrace ()
UnityEngine.DebugLogHandler:LogFormat (UnityEngine.LogType,UnityEngine.Object,string,object[])
UnityEngine.Logger:Log (UnityEngine.LogType,object)
UnityEngine.Debug:LogError (object)
UnityEditor.EditorAssemblies:ProcessInitializeOnLoadMethodAttributes ()

Mono: successfully reloaded assembly
- Completed reload, in  1.040 seconds
Domain Reload Profiling:
	ReloadAssembly (1042ms)
		BeginReloadAssembly (106ms)
			ExecutionOrderSort (0ms)
			DisableScriptedObjects (2ms)
			BackupInstance (0ms)
			ReleaseScriptingObjects (0ms)
			CreateAndSetChildDomain (12ms)
		EndReloadAssembly (897ms)
			LoadAssemblies (129ms)
			RebuildTransferFunctionScriptingTraits (0ms)
			SetupTypeCache (315ms)
			ReleaseScriptCaches (0ms)
			RebuildScriptCaches (48ms)
			SetupLoadedEditorAssemblies (324ms)
				LogAssemblyErrors (0ms)
				InitializePlatformSupportModulesInManaged (2ms)
				SetLoadedEditorAssemblies (0ms)
				RefreshPlugins (46ms)
				BeforeProcessingInitializeOnLoad (71ms)
				ProcessInitializeOnLoadAttributes (178ms)
				ProcessInitializeOnLoadMethodAttributes (23ms)
				AfterProcessingInitializeOnLoad (3ms)
				EditorAssembliesLoaded (0ms)
			ExecutionOrderSort2 (0ms)
			AwakeInstancesAfterBackupRestoration (1ms)
Platform modules already initialized, skipping
========================================================================
Worker process is ready to serve import requests
Launched and connected shader compiler UnityShaderCompiler.exe after 0.08 seconds
Refreshing native plugins compatible for Editor in 0.66 ms, found 11 plugins.
Preloading 1 native plugins for Editor in 0.07 ms.
Unloading 4022 Unused Serialized files (Serialized files now loaded: 0)
System memory in use before: 172.7 MB.
System memory in use after: 172.9 MB.

Unloading 51 unused Assets to reduce memory usage. Loaded Objects now: 4437.
Total: 3.075300 ms (FindLiveObjects: 0.180000 ms CreateObjectMapping: 0.082300 ms MarkObjects: 2.741400 ms  DeleteObjects: 0.071000 ms)

AssetImportParameters requested are different than current active one (requested -> active):
  custom:framework-win-MediaFoundation: 216162199b28c13a410421893ffa2e32 -> 
  custom:video-decoder-ogg-theora: a1e56fd34408186e4bbccfd4996cb3dc -> 
  custom:container-muxer-webm: aa71ff27fc2769a1b78a27578f13a17b -> 
  custom:container-demuxer-webm: 4f35f7cbe854078d1ac9338744f61a02 -> 
  custom:container-demuxer-ogg: 62fdf1f143b41e24485cea50d1cbac27 -> 
  custom:video-encoder-webm-vp8: eb34c28f22e8b96e1ab97ce403110664 -> 
  custom:video-codec-MediaFoundation-h265: 746d11721c4dcdbdad8f713fa42b33f4 -> 
  custom:video-decoder-webm-vp8: 9c59270c3fd7afecdb556c50c9e8de78 -> 
  custom:audio-decoder-ogg-vorbis: bf7c407c2cedff20999df2af8eb42d56 -> 
  custom:audio-encoder-webm-vorbis: bf7c407c2cedff20999df2af8eb42d56 -> 
========================================================================
Received Import Request.
  path: Assets/VR Beginner/Scenes/Templates
  artifactKey: Guid(f9de34544b686d54cbd7a5d655016670) Importer(815301076,1909f56bfc062723c751e8b465ee728b)
Start importing Assets/VR Beginner/Scenes/Templates using Guid(f9de34544b686d54cbd7a5d655016670) Importer(815301076,1909f56bfc062723c751e8b465ee728b)  -> (artifact id: '6715a977fc37edbe2b79ea046178fc6d') in 0.009178 seconds 
========================================================================
Received Import Request.
  Time since last request: 0.000218 seconds.
  path: Assets/VR Beginner/Scenes
  artifactKey: Guid(2b0e93446796ee64f93364ebe6c513e0) Importer(815301076,1909f56bfc062723c751e8b465ee728b)
Start importing Assets/VR Beginner/Scenes using Guid(2b0e93446796ee64f93364ebe6c513e0) Importer(815301076,1909f56bfc062723c751e8b465ee728b)  -> (artifact id: 'b0e96dd063371573bc6acb3fa43e9c60') in 0.005488 seconds 
========================================================================
Received Import Request.
  Time since last request: 9.165276 seconds.
  path: Assets/MyScenes/MyScene.unity
  artifactKey: Guid(ba100034872cdc04abe037177886de7e) Importer(815301076,1909f56bfc062723c751e8b465ee728b)
Start importing Assets/MyScenes/MyScene.unity using Guid(ba100034872cdc04abe037177886de7e) Importer(815301076,1909f56bfc062723c751e8b465ee728b)  -> (artifact id: '495da04ee62bb8425f6b571c535f274d') in 0.005570 seconds 
========================================================================
Received Import Request.
  Time since last request: 19.989000 seconds.
  path: Assets/VR Beginner/Prefabs
  artifactKey: Guid(4e7f690001c11254797d08696ea41c86) Importer(815301076,1909f56bfc062723c751e8b465ee728b)
Start importing Assets/VR Beginner/Prefabs using Guid(4e7f690001c11254797d08696ea41c86) Importer(815301076,1909f56bfc062723c751e8b465ee728b)  -> (artifact id: 'd8dae7d1f9309f891e71ba62efa74b28') in 0.006177 seconds 
========================================================================
Received Import Request.
  Time since last request: 2.286028 seconds.
  path: Assets/VR Beginner/Prefabs/Tutorial
  artifactKey: Guid(7693b3503fdd20a439ab0007bc76cb0b) Importer(815301076,1909f56bfc062723c751e8b465ee728b)
Start importing Assets/VR Beginner/Prefabs/Tutorial using Guid(7693b3503fdd20a439ab0007bc76cb0b) Importer(815301076,1909f56bfc062723c751e8b465ee728b)  -> (artifact id: '766f4e7eb789e3fc44d7047ae7785a96') in 0.006057 seconds 
========================================================================
Received Import Request.
  Time since last request: 0.062770 seconds.
  path: Assets/VR Beginner/Prefabs/Tutorial/Fuse.prefab
  artifactKey: Guid(3341466b7de624346be882932da05b6d) Importer(815301076,1909f56bfc062723c751e8b465ee728b)
Start importing Assets/VR Beginner/Prefabs/Tutorial/Fuse.prefab using Guid(3341466b7de624346be882932da05b6d) Importer(815301076,1909f56bfc062723c751e8b465ee728b)  -> (artifact id: '903140323330e9f35491360d989b280e') in 0.064457 seconds 
========================================================================
Received Import Request.
  Time since last request: 0.000220 seconds.
  path: Assets/VR Beginner/Prefabs/Tutorial/HandProto.prefab
  artifactKey: Guid(3467bca67fe9c5c49bc35b025f5814ee) Importer(815301076,1909f56bfc062723c751e8b465ee728b)
Start importing Assets/VR Beginner/Prefabs/Tutorial/HandProto.prefab using Guid(3467bca67fe9c5c49bc35b025f5814ee) Importer(815301076,1909f56bfc062723c751e8b465ee728b)  -> (artifact id: '41ed190b5559eeeac2842eecac17fa20') in 0.134739 seconds 
========================================================================
Received Import Request.
  Time since last request: 0.000232 seconds.
  path: Assets/VR Beginner/Prefabs/Tutorial/TeleporterBase.prefab
  artifactKey: Guid(321c75abba1ac9940b4193b057edc132) Importer(815301076,1909f56bfc062723c751e8b465ee728b)
Start importing Assets/VR Beginner/Prefabs/Tutorial/TeleporterBase.prefab using Guid(321c75abba1ac9940b4193b057edc132) Importer(815301076,1909f56bfc062723c751e8b465ee728b)  -> (artifact id: '861c669b08e430794f5dcbf94eabb801') in 0.032308 seconds 
========================================================================
Received Import Request.
  Time since last request: 0.000260 seconds.
  path: Assets/VR Beginner/Prefabs/Tutorial/Fusebox.prefab
  artifactKey: Guid(9d10edaecc9279d41baf1d5e360afc08) Importer(815301076,1909f56bfc062723c751e8b465ee728b)
Start importing Assets/VR Beginner/Prefabs/Tutorial/Fusebox.prefab using Guid(9d10edaecc9279d41baf1d5e360afc08) Importer(815301076,1909f56bfc062723c751e8b465ee728b)  -> (artifact id: 'd05212384782662bbca41b959285eb64') in 0.328855 seconds 
========================================================================
Received Import Request.
  Time since last request: 84.921611 seconds.
  path: Assets/VR Beginner/VFX/Cauldron/CauldronBubbles.vfx
  artifactKey: Guid(e78d084f89fcb484f8d893f530aa7401) Importer(815301076,1909f56bfc062723c751e8b465ee728b)
Start importing Assets/VR Beginner/VFX/Cauldron/CauldronBubbles.vfx using Guid(e78d084f89fcb484f8d893f530aa7401) Importer(815301076,1909f56bfc062723c751e8b465ee728b)  -> (artifact id: 'b273a46542795b539240d3471186bfad') in 0.010135 seconds 
========================================================================
Received Import Request.
  Time since last request: 0.000182 seconds.
  path: Assets/VR Beginner/VFX/Wand/PinkMissle.vfx
  artifactKey: Guid(4ab09fd620542cc4da3a09cf5ff0b6ca) Importer(815301076,1909f56bfc062723c751e8b465ee728b)
Start importing Assets/VR Beginner/VFX/Wand/PinkMissle.vfx using Guid(4ab09fd620542cc4da3a09cf5ff0b6ca) Importer(815301076,1909f56bfc062723c751e8b465ee728b)  -> (artifact id: 'c89e6e3b9782be26e85b5b238993e2c3') in 0.006960 seconds 
========================================================================
Received Import Request.
  Time since last request: 0.000167 seconds.
  path: Assets/VR Beginner/VFX/FireBoy/FireBoy.vfx
  artifactKey: Guid(fb1b3a55ae903b640b25764c10ea357d) Importer(815301076,1909f56bfc062723c751e8b465ee728b)
Start importing Assets/VR Beginner/VFX/FireBoy/FireBoy.vfx using Guid(fb1b3a55ae903b640b25764c10ea357d) Importer(815301076,1909f56bfc062723c751e8b465ee728b)  -> (artifact id: '52742c6e204de3c108d07ed77d235b8c') in 0.006203 seconds 
========================================================================
Received Import Request.
  Time since last request: 0.000176 seconds.
  path: Assets/VR Beginner/VFX/Smoke & Fire/SmokeBurstBad.vfx
  artifactKey: Guid(c47f5e470e3746c4a8a6bfb7725560f2) Importer(815301076,1909f56bfc062723c751e8b465ee728b)
Start importing Assets/VR Beginner/VFX/Smoke & Fire/SmokeBurstBad.vfx using Guid(c47f5e470e3746c4a8a6bfb7725560f2) Importer(815301076,1909f56bfc062723c751e8b465ee728b)  -> (artifact id: '26daaaf4ec94660a5149b65bdc3e2be7') in 0.006723 seconds 
========================================================================
Received Import Request.
  Time since last request: 0.000159 seconds.
  path: Assets/VR Beginner/VFX/Potions/PotionPop.vfx
  artifactKey: Guid(4ca8490dc0acba948b3413109060d4bc) Importer(815301076,1909f56bfc062723c751e8b465ee728b)
Start importing Assets/VR Beginner/VFX/Potions/PotionPop.vfx using Guid(4ca8490dc0acba948b3413109060d4bc) Importer(815301076,1909f56bfc062723c751e8b465ee728b)  -> (artifact id: 'e3ed6b89fc6ecac768120ebebcaa9648') in 0.006601 seconds 
========================================================================
Received Import Request.
  Time since last request: 0.000156 seconds.
  path: Assets/VR Beginner/VFX/Cauldron/CauldronSplash.vfx
  artifactKey: Guid(1105defcb56acf948bc9bcb11c2d159b) Importer(815301076,1909f56bfc062723c751e8b465ee728b)
Start importing Assets/VR Beginner/VFX/Cauldron/CauldronSplash.vfx using Guid(1105defcb56acf948bc9bcb11c2d159b) Importer(815301076,1909f56bfc062723c751e8b465ee728b)  -> (artifact id: 'f0c92eee4b41c59da164c15e57ab0b47') in 0.006544 seconds 
========================================================================
Received Import Request.
  Time since last request: 0.000162 seconds.
  path: Assets/VR Beginner/VFX/Smoke & Fire/FireSmokeBurst.vfx
  artifactKey: Guid(c2837b63d7a967441bfd796e05b15f84) Importer(815301076,1909f56bfc062723c751e8b465ee728b)
Start importing Assets/VR Beginner/VFX/Smoke & Fire/FireSmokeBurst.vfx using Guid(c2837b63d7a967441bfd796e05b15f84) Importer(815301076,1909f56bfc062723c751e8b465ee728b)  -> (artifact id: 'b8bd730f9a10f77630a6f321aaebdae4') in 0.007482 seconds 
========================================================================
Received Import Request.
  Time since last request: 0.000157 seconds.
  path: Assets/VR Beginner/VFX/Smoke & Fire/SmokeBurst.vfx
  artifactKey: Guid(25ad7cb45fc73244782fc2d9300e3ddf) Importer(815301076,1909f56bfc062723c751e8b465ee728b)
Start importing Assets/VR Beginner/VFX/Smoke & Fire/SmokeBurst.vfx using Guid(25ad7cb45fc73244782fc2d9300e3ddf) Importer(815301076,1909f56bfc062723c751e8b465ee728b)  -> (artifact id: '4f01c709caf004584c58df67d0f47c69') in 0.007687 seconds 
========================================================================
Received Prepare
Registering precompiled user dll's ...
Registered in 0.016885 seconds.
Begin MonoManager ReloadAssembly
Native extension for WindowsStandalone target not found
Refreshing native plugins compatible for Editor in 0.71 ms, found 11 plugins.
Preloading 1 native plugins for Editor in 0.09 ms.
System.Reflection.TargetInvocationException: Exception has been thrown by the target of an invocation. ---> System.NullReferenceException: Object reference not set to an instance of an object
  at Unity.XR.Oculus.OculusLoader.AssetPathToAbsolutePath (System.String assetPath) [0x00048] in C:\Users\Per4Student\Documents\Unity\GitHub\EscapeRoomDonate\EscapeRoomDonatePer4\Library\PackageCache\com.unity.xr.oculus@1.13.1\Runtime\OculusLoader.cs:265 
  at Unity.XR.Oculus.OculusLoader.EditorLoadOVRPlugin () [0x0007b] in C:\Users\Per4Student\Documents\Unity\GitHub\EscapeRoomDonate\EscapeRoomDonatePer4\Library\PackageCache\com.unity.xr.oculus@1.13.1\Runtime\OculusLoader.cs:250 
  at (wrapper managed-to-native) System.Reflection.MonoMethod.InternalInvoke(System.Reflection.MonoMethod,object,object[],System.Exception&)
  at System.Reflection.MonoMethod.Invoke (System.Object obj, System.Reflection.BindingFlags invokeAttr, System.Reflection.Binder binder, System.Object[] parameters, System.Globalization.CultureInfo culture) [0x00032] in <695d1cc93cca45069c528c15c9fdd749>:0 
   --- End of inner exception stack trace ---
  at System.Reflection.MonoMethod.Invoke (System.Object obj, System.Reflection.BindingFlags invokeAttr, System.Reflection.Binder binder, System.Object[] parameters, System.Globalization.CultureInfo culture) [0x00048] in <695d1cc93cca45069c528c15c9fdd749>:0 
  at System.Reflection.MethodBase.Invoke (System.Object obj, System.Object[] parameters) [0x00000] in <695d1cc93cca45069c528c15c9fdd749>:0 
  at UnityEditor.EditorAssemblies.ProcessInitializeOnLoadMethodAttributes () [0x00047] in <25578071f6e44201aac745680e5c8dfc>:0 
UnityEngine.StackTraceUtility:ExtractStackTrace ()
UnityEngine.DebugLogHandler:LogFormat (UnityEngine.LogType,UnityEngine.Object,string,object[])
UnityEngine.Logger:Log (UnityEngine.LogType,object)
UnityEngine.Debug:LogError (object)
UnityEditor.EditorAssemblies:ProcessInitializeOnLoadMethodAttributes ()

Mono: successfully reloaded assembly
- Completed reload, in  4.109 seconds
Domain Reload Profiling:
	ReloadAssembly (4110ms)
		BeginReloadAssembly (130ms)
			ExecutionOrderSort (0ms)
			DisableScriptedObjects (4ms)
			BackupInstance (0ms)
			ReleaseScriptingObjects (0ms)
			CreateAndSetChildDomain (28ms)
		EndReloadAssembly (3940ms)
			LoadAssemblies (3368ms)
			RebuildTransferFunctionScriptingTraits (0ms)
			SetupTypeCache (223ms)
			ReleaseScriptCaches (1ms)
			RebuildScriptCaches (35ms)
			SetupLoadedEditorAssemblies (252ms)
				LogAssemblyErrors (0ms)
				InitializePlatformSupportModulesInManaged (2ms)
				SetLoadedEditorAssemblies (0ms)
				RefreshPlugins (1ms)
				BeforeProcessingInitializeOnLoad (65ms)
				ProcessInitializeOnLoadAttributes (164ms)
				ProcessInitializeOnLoadMethodAttributes (16ms)
				AfterProcessingInitializeOnLoad (4ms)
				EditorAssembliesLoaded (0ms)
			ExecutionOrderSort2 (0ms)
			AwakeInstancesAfterBackupRestoration (9ms)
Platform modules already initialized, skipping
Switching build target platform(19) subTarget(0) extendedPlatform(0) -> platform(13) subTarget(536870918) extendedPlatform(0)
Refreshing native plugins compatible for Editor in 0.69 ms, found 11 plugins.
Preloading 1 native plugins for Editor in 0.09 ms.
Unloading 3887 Unused Serialized files (Serialized files now loaded: 0)
System memory in use before: 182.1 MB.
System memory in use after: 182.3 MB.

Unloading 41 unused Assets to reduce memory usage. Loaded Objects now: 4490.
Total: 2.442600 ms (FindLiveObjects: 0.178200 ms CreateObjectMapping: 0.075200 ms MarkObjects: 2.126400 ms  DeleteObjects: 0.062000 ms)

AssetImportParameters requested are different than current active one (requested -> active):
  custom:framework-win-MediaFoundation: 216162199b28c13a410421893ffa2e32 -> 
  custom:video-decoder-ogg-theora: a1e56fd34408186e4bbccfd4996cb3dc -> 
  custom:container-muxer-webm: aa71ff27fc2769a1b78a27578f13a17b -> 
  custom:container-demuxer-webm: 4f35f7cbe854078d1ac9338744f61a02 -> 
  custom:container-demuxer-ogg: 62fdf1f143b41e24485cea50d1cbac27 -> 
  custom:video-encoder-webm-vp8: eb34c28f22e8b96e1ab97ce403110664 -> 
  custom:video-codec-MediaFoundation-h265: 746d11721c4dcdbdad8f713fa42b33f4 -> 
  custom:video-decoder-webm-vp8: 9c59270c3fd7afecdb556c50c9e8de78 -> 
  custom:graphics/normal-map-encoding: 01000000000000000000000000000000 -> 02000000000000000000000000000000
  custom:audio-decoder-ogg-vorbis: bf7c407c2cedff20999df2af8eb42d56 -> 
  custom:audio-encoder-webm-vorbis: bf7c407c2cedff20999df2af8eb42d56 -> 
========================================================================
Received Import Request.
  Time since last request: 182.174799 seconds.
  path: Assets/VR Beginner/Prefabs/Tutorial/Objects/LaserPointer.prefab
  artifactKey: Guid(f6c01721d5610d94db6a04110a48ad53) Importer(815301076,1909f56bfc062723c751e8b465ee728b)
Start importing Assets/VR Beginner/Prefabs/Tutorial/Objects/LaserPointer.prefab using Guid(f6c01721d5610d94db6a04110a48ad53) Importer(815301076,1909f56bfc062723c751e8b465ee728b)  -> (artifact id: '716e74e00b015170b72a729d77f307c7') in 0.407070 seconds 
========================================================================
Received Import Request.
  Time since last request: 0.000179 seconds.
  path: Assets/VR Beginner/Prefabs/Tutorial/Objects
  artifactKey: Guid(67ea8dbc2e00efc459ba3c0705e9914f) Importer(815301076,1909f56bfc062723c751e8b465ee728b)
Start importing Assets/VR Beginner/Prefabs/Tutorial/Objects using Guid(67ea8dbc2e00efc459ba3c0705e9914f) Importer(815301076,1909f56bfc062723c751e8b465ee728b)  -> (artifact id: 'b871e03247ad9e0e1099d154318ef868') in 0.003908 seconds 
========================================================================
Received Import Request.
  Time since last request: 0.000132 seconds.
  path: Assets/VR Beginner/Prefabs/Tutorial/Objects/Fan.prefab
  artifactKey: Guid(8706b42d17b2b03439d3840f59327776) Importer(815301076,1909f56bfc062723c751e8b465ee728b)
Start importing Assets/VR Beginner/Prefabs/Tutorial/Objects/Fan.prefab using Guid(8706b42d17b2b03439d3840f59327776) Importer(815301076,1909f56bfc062723c751e8b465ee728b)  -> (artifact id: '5420f0fc4e95d2ddf6a1b6b0bf13eb8b') in 0.029800 seconds 
========================================================================
Received Import Request.
  Time since last request: 0.000205 seconds.
  path: Assets/VR Beginner/Prefabs/Tutorial/Objects/Toothbrush.prefab
  artifactKey: Guid(2fa3a24ccec0b0f45b97019c1c2992c9) Importer(815301076,1909f56bfc062723c751e8b465ee728b)
Start importing Assets/VR Beginner/Prefabs/Tutorial/Objects/Toothbrush.prefab using Guid(2fa3a24ccec0b0f45b97019c1c2992c9) Importer(815301076,1909f56bfc062723c751e8b465ee728b)  -> (artifact id: '8b4ca9b498b97441db9c04f74f0566eb') in 0.024970 seconds 
========================================================================
Received Import Request.
  Time since last request: 0.000207 seconds.
  path: Assets/VR Beginner/Prefabs/Tutorial/Objects/BubbleGun.prefab
  artifactKey: Guid(86f1e130be26d544cb16ee5ce13847c4) Importer(815301076,1909f56bfc062723c751e8b465ee728b)
Start importing Assets/VR Beginner/Prefabs/Tutorial/Objects/BubbleGun.prefab using Guid(86f1e130be26d544cb16ee5ce13847c4) Importer(815301076,1909f56bfc062723c751e8b465ee728b)  -> (artifact id: '1abee9932bb2340da4f65a23031fca0b') in 0.337772 seconds 
========================================================================
Received Prepare
Registering precompiled user dll's ...
Registered in 0.012746 seconds.
Begin MonoManager ReloadAssembly
Native extension for WindowsStandalone target not found
Refreshing native plugins compatible for Editor in 0.70 ms, found 11 plugins.
Preloading 1 native plugins for Editor in 0.08 ms.
System.Reflection.TargetInvocationException: Exception has been thrown by the target of an invocation. ---> System.NullReferenceException: Object reference not set to an instance of an object
  at Unity.XR.Oculus.OculusLoader.AssetPathToAbsolutePath (System.String assetPath) [0x00048] in C:\Users\Per4Student\Documents\Unity\GitHub\EscapeRoomDonate\EscapeRoomDonatePer4\Library\PackageCache\com.unity.xr.oculus@1.13.1\Runtime\OculusLoader.cs:265 
  at Unity.XR.Oculus.OculusLoader.EditorLoadOVRPlugin () [0x0007b] in C:\Users\Per4Student\Documents\Unity\GitHub\EscapeRoomDonate\EscapeRoomDonatePer4\Library\PackageCache\com.unity.xr.oculus@1.13.1\Runtime\OculusLoader.cs:250 
  at (wrapper managed-to-native) System.Reflection.MonoMethod.InternalInvoke(System.Reflection.MonoMethod,object,object[],System.Exception&)
  at System.Reflection.MonoMethod.Invoke (System.Object obj, System.Reflection.BindingFlags invokeAttr, System.Reflection.Binder binder, System.Object[] parameters, System.Globalization.CultureInfo culture) [0x00032] in <695d1cc93cca45069c528c15c9fdd749>:0 
   --- End of inner exception stack trace ---
  at System.Reflection.MonoMethod.Invoke (System.Object obj, System.Reflection.BindingFlags invokeAttr, System.Reflection.Binder binder, System.Object[] parameters, System.Globalization.CultureInfo culture) [0x00048] in <695d1cc93cca45069c528c15c9fdd749>:0 
  at System.Reflection.MethodBase.Invoke (System.Object obj, System.Object[] parameters) [0x00000] in <695d1cc93cca45069c528c15c9fdd749>:0 
  at UnityEditor.EditorAssemblies.ProcessInitializeOnLoadMethodAttributes () [0x00047] in <25578071f6e44201aac745680e5c8dfc>:0 
UnityEngine.StackTraceUtility:ExtractStackTrace ()
UnityEngine.DebugLogHandler:LogFormat (UnityEngine.LogType,UnityEngine.Object,string,object[])
UnityEngine.Logger:Log (UnityEngine.LogType,object)
UnityEngine.Debug:LogError (object)
UnityEditor.EditorAssemblies:ProcessInitializeOnLoadMethodAttributes ()

Mono: successfully reloaded assembly
- Completed reload, in  0.783 seconds
Domain Reload Profiling:
	ReloadAssembly (783ms)
		BeginReloadAssembly (108ms)
			ExecutionOrderSort (0ms)
			DisableScriptedObjects (4ms)
			BackupInstance (0ms)
			ReleaseScriptingObjects (0ms)
			CreateAndSetChildDomain (26ms)
		EndReloadAssembly (641ms)
			LoadAssemblies (124ms)
			RebuildTransferFunctionScriptingTraits (0ms)
			SetupTypeCache (187ms)
			ReleaseScriptCaches (1ms)
			RebuildScriptCaches (33ms)
			SetupLoadedEditorAssemblies (238ms)
				LogAssemblyErrors (0ms)
				InitializePlatformSupportModulesInManaged (2ms)
				SetLoadedEditorAssemblies (0ms)
				RefreshPlugins (1ms)
				BeforeProcessingInitializeOnLoad (59ms)
				ProcessInitializeOnLoadAttributes (156ms)
				ProcessInitializeOnLoadMethodAttributes (14ms)
				AfterProcessingInitializeOnLoad (4ms)
				EditorAssembliesLoaded (0ms)
			ExecutionOrderSort2 (0ms)
			AwakeInstancesAfterBackupRestoration (6ms)
Platform modules already initialized, skipping
Switching build target platform(19) subTarget(0) extendedPlatform(0) -> platform(13) subTarget(536870918) extendedPlatform(0)
Refreshing native plugins compatible for Editor in 0.68 ms, found 11 plugins.
Preloading 1 native plugins for Editor in 0.09 ms.
Unloading 3888 Unused Serialized files (Serialized files now loaded: 0)
System memory in use before: 183.5 MB.
System memory in use after: 183.7 MB.

Unloading 42 unused Assets to reduce memory usage. Loaded Objects now: 4532.
Total: 2.491700 ms (FindLiveObjects: 0.206700 ms CreateObjectMapping: 0.094800 ms MarkObjects: 2.131900 ms  DeleteObjects: 0.057800 ms)

AssetImportParameters requested are different than current active one (requested -> active):
  custom:framework-win-MediaFoundation: 216162199b28c13a410421893ffa2e32 -> 
  custom:video-decoder-ogg-theora: a1e56fd34408186e4bbccfd4996cb3dc -> 
  custom:container-muxer-webm: aa71ff27fc2769a1b78a27578f13a17b -> 
  custom:container-demuxer-webm: 4f35f7cbe854078d1ac9338744f61a02 -> 
  custom:container-demuxer-ogg: 62fdf1f143b41e24485cea50d1cbac27 -> 
  custom:video-encoder-webm-vp8: eb34c28f22e8b96e1ab97ce403110664 -> 
  custom:video-codec-MediaFoundation-h265: 746d11721c4dcdbdad8f713fa42b33f4 -> 
  custom:video-decoder-webm-vp8: 9c59270c3fd7afecdb556c50c9e8de78 -> 
  custom:graphics/normal-map-encoding: 01000000000000000000000000000000 -> 02000000000000000000000000000000
  custom:audio-decoder-ogg-vorbis: bf7c407c2cedff20999df2af8eb42d56 -> 
  custom:audio-encoder-webm-vorbis: bf7c407c2cedff20999df2af8eb42d56 -> 
AssetImportWorkerClient::OnTransportError - code=2 error=End of file
